Connecting to database specified by database.yml
Connecting to database specified by database.yml
Connecting to database specified by database.yml


Started GET "/microposts" for 127.0.0.1 at 2013-04-12 12:37:39 -0600

ActionController::RoutingError (No route matches [GET] "/microposts"):
  actionpack (3.2.13) lib/action_dispatch/middleware/debug_exceptions.rb:21:in `call'
  actionpack (3.2.13) lib/action_dispatch/middleware/show_exceptions.rb:56:in `call'
  railties (3.2.13) lib/rails/rack/logger.rb:32:in `call_app'
  railties (3.2.13) lib/rails/rack/logger.rb:16:in `block in call'
  activesupport (3.2.13) lib/active_support/tagged_logging.rb:22:in `tagged'
  railties (3.2.13) lib/rails/rack/logger.rb:16:in `call'
  actionpack (3.2.13) lib/action_dispatch/middleware/request_id.rb:22:in `call'
  rack (1.4.5) lib/rack/methodoverride.rb:21:in `call'
  rack (1.4.5) lib/rack/runtime.rb:17:in `call'
  activesupport (3.2.13) lib/active_support/cache/strategy/local_cache.rb:72:in `call'
  rack (1.4.5) lib/rack/lock.rb:15:in `call'
  actionpack (3.2.13) lib/action_dispatch/middleware/static.rb:63:in `call'
  railties (3.2.13) lib/rails/engine.rb:479:in `call'
  railties (3.2.13) lib/rails/application.rb:223:in `call'
  rack (1.4.5) lib/rack/content_length.rb:14:in `call'
  railties (3.2.13) lib/rails/rack/log_tailer.rb:17:in `call'
  rack (1.4.5) lib/rack/handler/webrick.rb:59:in `service'
  /Users/brandonruffin/.rvm/rubies/ruby-1.9.3-p374/lib/ruby/1.9.1/webrick/httpserver.rb:138:in `service'
  /Users/brandonruffin/.rvm/rubies/ruby-1.9.3-p374/lib/ruby/1.9.1/webrick/httpserver.rb:94:in `run'
  /Users/brandonruffin/.rvm/rubies/ruby-1.9.3-p374/lib/ruby/1.9.1/webrick/server.rb:191:in `block in start_thread'


  Rendered /Users/brandonruffin/.rvm/gems/ruby-1.9.3-p374/gems/actionpack-3.2.13/lib/action_dispatch/middleware/templates/rescues/routing_error.erb within rescues/layout (7.3ms)


Started GET "/assets/rails.png" for 127.0.0.1 at 2013-04-12 12:37:46 -0600
Served asset /rails.png - 304 Not Modified (48ms)
Connecting to database specified by database.yml
Connecting to database specified by database.yml


Started GET "/hello.html" for 127.0.0.1 at 2013-04-12 12:52:54 -0600

ActionController::RoutingError (No route matches [GET] "/hello.html"):
  actionpack (3.2.13) lib/action_dispatch/middleware/debug_exceptions.rb:21:in `call'
  actionpack (3.2.13) lib/action_dispatch/middleware/show_exceptions.rb:56:in `call'
  railties (3.2.13) lib/rails/rack/logger.rb:32:in `call_app'
  railties (3.2.13) lib/rails/rack/logger.rb:16:in `block in call'
  activesupport (3.2.13) lib/active_support/tagged_logging.rb:22:in `tagged'
  railties (3.2.13) lib/rails/rack/logger.rb:16:in `call'
  actionpack (3.2.13) lib/action_dispatch/middleware/request_id.rb:22:in `call'
  rack (1.4.5) lib/rack/methodoverride.rb:21:in `call'
  rack (1.4.5) lib/rack/runtime.rb:17:in `call'
  activesupport (3.2.13) lib/active_support/cache/strategy/local_cache.rb:72:in `call'
  rack (1.4.5) lib/rack/lock.rb:15:in `call'
  actionpack (3.2.13) lib/action_dispatch/middleware/static.rb:63:in `call'
  railties (3.2.13) lib/rails/engine.rb:479:in `call'
  railties (3.2.13) lib/rails/application.rb:223:in `call'
  rack (1.4.5) lib/rack/content_length.rb:14:in `call'
  railties (3.2.13) lib/rails/rack/log_tailer.rb:17:in `call'
  rack (1.4.5) lib/rack/handler/webrick.rb:59:in `service'
  /Users/brandonruffin/.rvm/rubies/ruby-1.9.3-p374/lib/ruby/1.9.1/webrick/httpserver.rb:138:in `service'
  /Users/brandonruffin/.rvm/rubies/ruby-1.9.3-p374/lib/ruby/1.9.1/webrick/httpserver.rb:94:in `run'
  /Users/brandonruffin/.rvm/rubies/ruby-1.9.3-p374/lib/ruby/1.9.1/webrick/server.rb:191:in `block in start_thread'


  Rendered /Users/brandonruffin/.rvm/gems/ruby-1.9.3-p374/gems/actionpack-3.2.13/lib/action_dispatch/middleware/templates/rescues/routing_error.erb within rescues/layout (6.3ms)


Started GET "/assets/rails.png" for 127.0.0.1 at 2013-04-12 12:53:04 -0600
Served asset /rails.png - 304 Not Modified (47ms)


Started GET "/static_pages/home" for 127.0.0.1 at 2013-04-12 12:53:30 -0600
Processing by StaticPagesController#home as HTML
  Rendered static_pages/home.html.erb within layouts/application (0.8ms)
Compiled static_pages.css  (104ms)  (pid 24418)
Compiled application.css  (159ms)  (pid 24418)
Compiled jquery.js  (4ms)  (pid 24418)
Compiled jquery_ujs.js  (0ms)  (pid 24418)
Compiled static_pages.js  (632ms)  (pid 24418)
Compiled application.js  (792ms)  (pid 24418)
Completed 200 OK in 1176ms (Views: 1175.3ms | ActiveRecord: 0.0ms)


Started GET "/assets/static_pages.js?body=1" for 127.0.0.1 at 2013-04-12 12:53:32 -0600
Served asset /static_pages.js - 200 OK (3ms)


Started GET "/assets/application.css?body=1" for 127.0.0.1 at 2013-04-12 12:53:32 -0600
Served asset /application.css - 304 Not Modified (5ms)


Started GET "/assets/static_pages.css?body=1" for 127.0.0.1 at 2013-04-12 12:53:32 -0600
Served asset /static_pages.css - 200 OK (3ms)


Started GET "/assets/application.js?body=1" for 127.0.0.1 at 2013-04-12 12:53:32 -0600
Served asset /application.js - 304 Not Modified (10ms)


Started GET "/assets/jquery_ujs.js?body=1" for 127.0.0.1 at 2013-04-12 12:53:32 -0600
Served asset /jquery_ujs.js - 304 Not Modified (4ms)


Started GET "/assets/jquery.js?body=1" for 127.0.0.1 at 2013-04-12 12:53:32 -0600
Served asset /jquery.js - 304 Not Modified (4ms)
Connecting to database specified by database.yml
Connecting to database specified by database.yml


Started GET "/static_pages/home" for 127.0.0.1 at 2013-04-12 14:05:33 -0600
Processing by StaticPagesController#home as HTML
  Rendered static_pages/home.html.erb within layouts/application (5.5ms)
Completed 200 OK in 160ms (Views: 158.9ms | ActiveRecord: 0.0ms)


Started GET "/assets/jquery_ujs.js?body=1" for 127.0.0.1 at 2013-04-12 14:05:33 -0600
Served asset /jquery_ujs.js - 304 Not Modified (7ms)


Started GET "/assets/jquery.js?body=1" for 127.0.0.1 at 2013-04-12 14:05:33 -0600
Served asset /jquery.js - 304 Not Modified (5ms)


Started GET "/assets/static_pages.css?body=1" for 127.0.0.1 at 2013-04-12 14:05:33 -0600
Served asset /static_pages.css - 304 Not Modified (3ms)


Started GET "/assets/application.css?body=1" for 127.0.0.1 at 2013-04-12 14:05:33 -0600
Served asset /application.css - 304 Not Modified (5ms)


Started GET "/assets/application.js?body=1" for 127.0.0.1 at 2013-04-12 14:05:33 -0600
Served asset /application.js - 304 Not Modified (18ms)


Started GET "/assets/static_pages.js?body=1" for 127.0.0.1 at 2013-04-12 14:05:33 -0600
Served asset /static_pages.js - 304 Not Modified (2ms)
